{"level":"info","message":"hello form Acquistion!","service":"acquistions-api"}
{"level":"info","message":"::1 - - [28/Jun/2026:11:38:32 +0000] \"GET / HTTP/1.1\" 304 - \"-\" \"Mozilla/5.0 (Windows NT 10.0; Win64; x64) AppleWebKit/537.36 (KHTML, like Gecko) Code/1.126.0 Chrome/148.0.7778.97 Electron/42.2.0 Safari/537.36\"","service":"acquistions-api"}
{"level":"info","message":"hello form Acquistion!","service":"acquistions-api"}
{"level":"info","message":"::1 - - [29/Jun/2026:12:02:36 +0000] \"GET / HTTP/1.1\" 200 23 \"-\" \"Mozilla/5.0 (Windows NT 10.0; Win64; x64) AppleWebKit/537.36 (KHTML, like Gecko) Chrome/149.0.0.0 Safari/537.36\"","service":"acquistions-api"}
{"level":"info","message":"::1 - - [29/Jun/2026:12:02:36 +0000] \"GET /favicon.ico HTTP/1.1\" 404 150 \"-\" \"Mozilla/5.0 (Windows NT 10.0; Win64; x64) AppleWebKit/537.36 (KHTML, like Gecko) Chrome/149.0.0.0 Safari/537.36\"","service":"acquistions-api"}
{"level":"info","message":"::1 - - [29/Jun/2026:12:02:44 +0000] \"GET /health HTTP/1.1\" 200 74 \"-\" \"Mozilla/5.0 (Windows NT 10.0; Win64; x64) AppleWebKit/537.36 (KHTML, like Gecko) Chrome/149.0.0.0 Safari/537.36\"","service":"acquistions-api"}
{"level":"info","message":"::1 - - [29/Jun/2026:12:02:49 +0000] \"GET /health HTTP/1.1\" 200 74 \"-\" \"Mozilla/5.0 (Windows NT 10.0; Win64; x64) AppleWebKit/537.36 (KHTML, like Gecko) Chrome/149.0.0.0 Safari/537.36\"","service":"acquistions-api"}
{"level":"info","message":"::1 - - [29/Jun/2026:12:02:49 +0000] \"GET /health HTTP/1.1\" 200 74 \"-\" \"Mozilla/5.0 (Windows NT 10.0; Win64; x64) AppleWebKit/537.36 (KHTML, like Gecko) Chrome/149.0.0.0 Safari/537.36\"","service":"acquistions-api"}
{"level":"info","message":"hello form Acquistion!","service":"acquistions-api"}
{"level":"info","message":"::1 - - [29/Jun/2026:12:05:24 +0000] \"GET / HTTP/1.1\" 200 23 \"-\" \"HTTPie\"","service":"acquistions-api"}
{"level":"info","message":"::1 - - [29/Jun/2026:12:05:47 +0000] \"GET /health HTTP/1.1\" 200 75 \"-\" \"HTTPie\"","service":"acquistions-api"}
{"level":"info","message":"::1 - - [29/Jun/2026:12:05:56 +0000] \"GET /api HTTP/1.1\" 200 40 \"-\" \"HTTPie\"","service":"acquistions-api"}
{"level":"info","message":"::1 - - [29/Jun/2026:12:06:08 +0000] \"GET /health HTTP/1.1\" 200 75 \"-\" \"HTTPie\"","service":"acquistions-api"}
{"level":"info","message":"::1 - - [29/Jun/2026:12:06:21 +0000] \"POST /api/auth/sign-in HTTP/1.1\" 200 31 \"-\" \"HTTPie\"","service":"acquistions-api"}
{"level":"info","message":"::1 - - [29/Jun/2026:12:30:29 +0000] \"POST /api/auth/sign-up HTTP/1.1\" 200 31 \"-\" \"HTTPie\"","service":"acquistions-api"}
{"level":"info","message":"::1 - - [29/Jun/2026:12:33:13 +0000] \"POST /api/auth/sign-up HTTP/1.1\" 400 92 \"-\" \"HTTPie\"","service":"acquistions-api"}
{"level":"info","message":"::1 - - [29/Jun/2026:12:34:04 +0000] \"POST /api/auth/sign-up HTTP/1.1\" 400 144 \"-\" \"HTTPie\"","service":"acquistions-api"}
{"level":"info","message":"User register successfully: a@b.com","service":"acquistions-api"}
{"level":"info","message":"::1 - - [29/Jun/2026:12:35:19 +0000] \"POST /api/auth/sign-up HTTP/1.1\" 201 92 \"-\" \"HTTPie\"","service":"acquistions-api"}
{"level":"info","message":"User admin@example.com created successfully","service":"acquistions-api"}
{"level":"info","message":"User register successfully: admin@example.com","service":"acquistions-api"}
{"level":"info","message":"::1 - - [29/Jun/2026:12:49:57 +0000] \"POST /api/auth/sign-up HTTP/1.1\" 201 88 \"-\" \"HTTPie\"","service":"acquistions-api"}
{"level":"info","message":"User adrian@example.com created successfully","service":"acquistions-api"}
{"level":"info","message":"User register successfully: adrian@example.com","service":"acquistions-api"}
{"level":"info","message":"::1 - - [29/Jun/2026:12:51:06 +0000] \"POST /api/auth/sign-up HTTP/1.1\" 201 105 \"-\" \"HTTPie\"","service":"acquistions-api"}
{"level":"info","message":"::1 - - [29/Jun/2026:12:53:20 +0000] \"GET /health HTTP/1.1\" 200 75 \"-\" \"PostmanRuntime/7.54.0\"","service":"acquistions-api"}
{"level":"info","message":"::1 - - [29/Jun/2026:14:07:17 +0000] \"GET /health HTTP/1.1\" 200 76 \"-\" \"PostmanRuntime/7.54.0\"","service":"acquistions-api"}
{"ip":"::1","level":"warn","message":"Bot request blocked","path":"/health","service":"acquistions-api","userAgent":"PostmanRuntime/7.54.0"}
{"level":"info","message":"::1 - - [29/Jun/2026:14:27:08 +0000] \"GET /health HTTP/1.1\" 403 67 \"-\" \"PostmanRuntime/7.54.0\"","service":"acquistions-api"}
{"ip":"::1","level":"warn","message":"Bot request blocked","path":"/health","service":"acquistions-api","userAgent":"PostmanRuntime/7.54.0"}
{"level":"info","message":"::1 - - [29/Jun/2026:14:27:31 +0000] \"GET /health HTTP/1.1\" 403 67 \"-\" \"PostmanRuntime/7.54.0\"","service":"acquistions-api"}
{"ip":"::1","level":"warn","message":"Bot request blocked","path":"/health","service":"acquistions-api","userAgent":"PostmanRuntime/7.54.0"}
{"level":"info","message":"::1 - - [29/Jun/2026:14:28:07 +0000] \"GET /health HTTP/1.1\" 403 67 \"-\" \"PostmanRuntime/7.54.0\"","service":"acquistions-api"}
{"ip":"::1","level":"warn","message":"Bot request blocked","path":"/health","service":"acquistions-api","userAgent":"PostmanRuntime/7.54.0"}
{"level":"info","message":"::1 - - [29/Jun/2026:14:28:35 +0000] \"GET /health HTTP/1.1\" 403 67 \"-\" \"PostmanRuntime/7.54.0\"","service":"acquistions-api"}
{"ip":"::1","level":"warn","message":"Bot request blocked","path":"/health","service":"acquistions-api","userAgent":"PostmanRuntime/7.54.0"}
{"level":"info","message":"::1 - - [29/Jun/2026:14:29:39 +0000] \"GET /health HTTP/1.1\" 403 67 \"-\" \"PostmanRuntime/7.54.0\"","service":"acquistions-api"}
{"ip":"::1","level":"warn","message":"Bot request blocked","path":"/health","service":"acquistions-api","userAgent":"PostmanRuntime/7.54.0"}
{"level":"info","message":"::1 - - [29/Jun/2026:14:31:11 +0000] \"GET /health HTTP/1.1\" 403 67 \"-\" \"PostmanRuntime/7.54.0\"","service":"acquistions-api"}
{"ip":"::1","level":"warn","message":"Bot request blocked","path":"/health","service":"acquistions-api","userAgent":"Mozilla/5.0 (Windows NT 10.0; Win64; x64) AppleWebKit/537.36 (KHTML, like Gecko) Chrome/149.0.0.0 Safari/537.36"}
{"level":"info","message":"::1 - - [29/Jun/2026:14:31:40 +0000] \"GET /health HTTP/1.1\" 403 67 \"-\" \"Mozilla/5.0 (Windows NT 10.0; Win64; x64) AppleWebKit/537.36 (KHTML, like Gecko) Chrome/149.0.0.0 Safari/537.36\"","service":"acquistions-api"}
{"ip":"::1","level":"warn","message":"Bot request blocked","path":"/health","service":"acquistions-api","userAgent":"PostmanRuntime/7.54.0"}
{"level":"info","message":"::1 - - [29/Jun/2026:14:32:15 +0000] \"GET /health HTTP/1.1\" 403 67 \"-\" \"PostmanRuntime/7.54.0\"","service":"acquistions-api"}
{"ip":"::1","level":"warn","message":"Rate limit exceeded","path":"/health","service":"acquistions-api","userAgent":"PostmanRuntime/7.54.0"}
{"level":"info","message":"::1 - - [29/Jun/2026:14:34:42 +0000] \"GET /health HTTP/1.1\" 403 51 \"-\" \"PostmanRuntime/7.54.0\"","service":"acquistions-api"}
{"ip":"::1","level":"warn","message":"Rate limit exceeded","path":"/health","service":"acquistions-api","userAgent":"PostmanRuntime/7.54.0"}
{"level":"info","message":"::1 - - [29/Jun/2026:14:34:47 +0000] \"GET /health HTTP/1.1\" 403 51 \"-\" \"PostmanRuntime/7.54.0\"","service":"acquistions-api"}
{"ip":"::1","level":"warn","message":"Rate limit exceeded","path":"/health","service":"acquistions-api","userAgent":"PostmanRuntime/7.54.0"}
{"level":"info","message":"::1 - - [29/Jun/2026:14:35:10 +0000] \"GET /health HTTP/1.1\" 403 51 \"-\" \"PostmanRuntime/7.54.0\"","service":"acquistions-api"}
{"ip":"::1","level":"warn","message":"Rate limit exceeded","path":"/health","service":"acquistions-api","userAgent":"PostmanRuntime/7.54.0"}
{"level":"info","message":"::1 - - [29/Jun/2026:14:35:13 +0000] \"GET /health HTTP/1.1\" 403 51 \"-\" \"PostmanRuntime/7.54.0\"","service":"acquistions-api"}
{"ip":"::1","level":"warn","message":"Rate limit exceeded","path":"/health","service":"acquistions-api","userAgent":"PostmanRuntime/7.54.0"}
{"level":"info","message":"::1 - - [29/Jun/2026:14:35:30 +0000] \"GET /health HTTP/1.1\" 403 51 \"-\" \"PostmanRuntime/7.54.0\"","service":"acquistions-api"}
{"ip":"::1","level":"warn","message":"Rate limit exceeded","path":"/health","service":"acquistions-api","userAgent":"PostmanRuntime/7.54.0"}
{"level":"info","message":"::1 - - [29/Jun/2026:14:37:08 +0000] \"GET /health HTTP/1.1\" 403 51 \"-\" \"PostmanRuntime/7.54.0\"","service":"acquistions-api"}
{"ip":"::1","level":"warn","message":"Rate limit exceeded","path":"/health","service":"acquistions-api","userAgent":"PostmanRuntime/7.54.0"}
{"level":"info","message":"::1 - - [29/Jun/2026:14:38:36 +0000] \"GET /health HTTP/1.1\" 403 51 \"-\" \"PostmanRuntime/7.54.0\"","service":"acquistions-api"}
{"ip":"::1","level":"warn","message":"Rate limit exceeded","path":"/health","service":"acquistions-api","userAgent":"PostmanRuntime/7.54.0"}
{"level":"info","message":"::1 - - [29/Jun/2026:14:38:38 +0000] \"GET /health HTTP/1.1\" 403 51 \"-\" \"PostmanRuntime/7.54.0\"","service":"acquistions-api"}
{"ip":"::1","level":"warn","message":"Rate limit exceeded","path":"/health","service":"acquistions-api","userAgent":"PostmanRuntime/7.54.0"}
{"level":"info","message":"::1 - - [29/Jun/2026:14:39:18 +0000] \"GET /health HTTP/1.1\" 403 51 \"-\" \"PostmanRuntime/7.54.0\"","service":"acquistions-api"}
{"ip":"::1","level":"warn","message":"Rate limit exceeded","path":"/health","service":"acquistions-api","userAgent":"PostmanRuntime/7.54.0"}
{"level":"info","message":"::1 - - [29/Jun/2026:14:39:51 +0000] \"GET /health HTTP/1.1\" 403 51 \"-\" \"PostmanRuntime/7.54.0\"","service":"acquistions-api"}
{"ip":"::1","level":"warn","message":"Rate limit exceeded","path":"/health","service":"acquistions-api","userAgent":"PostmanRuntime/7.54.0"}
{"level":"info","message":"::1 - - [29/Jun/2026:14:39:53 +0000] \"GET /health HTTP/1.1\" 403 51 \"-\" \"PostmanRuntime/7.54.0\"","service":"acquistions-api"}
{"ip":"::1","level":"warn","message":"Rate limit exceeded","path":"/health","service":"acquistions-api","userAgent":"PostmanRuntime/7.54.0"}
{"level":"info","message":"::1 - - [29/Jun/2026:14:44:43 +0000] \"GET /health HTTP/1.1\" 429 51 \"-\" \"PostmanRuntime/7.54.0\"","service":"acquistions-api"}
{"level":"info","message":"::1 - - [29/Jun/2026:14:46:16 +0000] \"GET /health HTTP/1.1\" 200 73 \"-\" \"PostmanRuntime/7.54.0\"","service":"acquistions-api"}
{"level":"info","message":"::1 - - [29/Jun/2026:14:46:22 +0000] \"GET /health HTTP/1.1\" 200 74 \"-\" \"Mozilla/5.0 (Windows NT; Windows NT 10.0; zh-CN) WindowsPowerShell/5.1.26100.8655\"","service":"acquistions-api"}
{"level":"info","message":"::1 - - [29/Jun/2026:14:46:24 +0000] \"GET /health HTTP/1.1\" 200 74 \"-\" \"PostmanRuntime/7.54.0\"","service":"acquistions-api"}
{"level":"info","message":"::1 - - [29/Jun/2026:14:46:25 +0000] \"GET /health HTTP/1.1\" 200 74 \"-\" \"PostmanRuntime/7.54.0\"","service":"acquistions-api"}
{"level":"info","message":"::1 - - [29/Jun/2026:14:46:26 +0000] \"GET /health HTTP/1.1\" 200 74 \"-\" \"PostmanRuntime/7.54.0\"","service":"acquistions-api"}
{"level":"info","message":"::1 - - [29/Jun/2026:14:47:46 +0000] \"GET /health HTTP/1.1\" 200 72 \"-\" \"Mozilla/5.0 (Windows NT; Windows NT 10.0; zh-CN) WindowsPowerShell/5.1.26100.8655\"","service":"acquistions-api"}
{"level":"info","message":"::1 - - [29/Jun/2026:14:48:04 +0000] \"GET /health HTTP/1.1\" 200 73 \"-\" \"PostmanRuntime/7.54.0\"","service":"acquistions-api"}
{"level":"info","message":"::1 - - [29/Jun/2026:14:48:06 +0000] \"GET /health HTTP/1.1\" 200 74 \"-\" \"PostmanRuntime/7.54.0\"","service":"acquistions-api"}
{"level":"info","message":"::1 - - [29/Jun/2026:14:48:19 +0000] \"GET /health HTTP/1.1\" - - \"-\" \"PostmanRuntime/7.54.0\"","service":"acquistions-api"}
{"level":"info","message":"::1 - - [29/Jun/2026:14:48:26 +0000] \"GET /health HTTP/1.1\" 200 74 \"-\" \"PostmanRuntime/7.54.0\"","service":"acquistions-api"}
{"level":"info","message":"::1 - - [29/Jun/2026:14:48:26 +0000] \"GET /health HTTP/1.1\" 200 73 \"-\" \"PostmanRuntime/7.54.0\"","service":"acquistions-api"}
{"level":"info","message":"::1 - - [29/Jun/2026:14:48:28 +0000] \"GET /health HTTP/1.1\" - - \"-\" \"PostmanRuntime/7.54.0\"","service":"acquistions-api"}
{"level":"info","message":"::1 - - [29/Jun/2026:14:48:31 +0000] \"GET /health HTTP/1.1\" 200 74 \"-\" \"PostmanRuntime/7.54.0\"","service":"acquistions-api"}
{"level":"info","message":"::1 - - [29/Jun/2026:14:48:33 +0000] \"GET /health HTTP/1.1\" 200 74 \"-\" \"PostmanRuntime/7.54.0\"","service":"acquistions-api"}
{"ip":"::1","level":"warn","message":"Rate limit exceeded","path":"/health","service":"acquistions-api","ttl":13,"userAgent":"PostmanRuntime/7.54.0"}
{"level":"info","message":"::1 - - [29/Jun/2026:14:48:46 +0000] \"GET /health HTTP/1.1\" 429 59 \"-\" \"PostmanRuntime/7.54.0\"","service":"acquistions-api"}
{"ip":"::1","level":"warn","message":"Rate limit exceeded","path":"/health","service":"acquistions-api","ttl":12,"userAgent":"PostmanRuntime/7.54.0"}
{"level":"info","message":"::1 - - [29/Jun/2026:14:48:47 +0000] \"GET /health HTTP/1.1\" 429 59 \"-\" \"PostmanRuntime/7.54.0\"","service":"acquistions-api"}
{"ip":"::1","level":"warn","message":"Rate limit exceeded","path":"/health","service":"acquistions-api","ttl":8,"userAgent":"PostmanRuntime/7.54.0"}
{"level":"info","message":"::1 - - [29/Jun/2026:14:48:51 +0000] \"GET /health HTTP/1.1\" 429 59 \"-\" \"PostmanRuntime/7.54.0\"","service":"acquistions-api"}
{"ip":"::1","level":"warn","message":"Rate limit exceeded","path":"/health","service":"acquistions-api","ttl":7,"userAgent":"PostmanRuntime/7.54.0"}
{"level":"info","message":"::1 - - [29/Jun/2026:14:48:52 +0000] \"GET /health HTTP/1.1\" 429 59 \"-\" \"PostmanRuntime/7.54.0\"","service":"acquistions-api"}
{"ip":"::1","level":"warn","message":"Rate limit exceeded","path":"/health","service":"acquistions-api","ttl":6,"userAgent":"PostmanRuntime/7.54.0"}
{"level":"info","message":"::1 - - [29/Jun/2026:14:48:53 +0000] \"GET /health HTTP/1.1\" 429 59 \"-\" \"PostmanRuntime/7.54.0\"","service":"acquistions-api"}
{"ip":"::1","level":"warn","message":"Rate limit exceeded","path":"/health","service":"acquistions-api","ttl":5,"userAgent":"PostmanRuntime/7.54.0"}
{"level":"info","message":"::1 - - [29/Jun/2026:14:48:54 +0000] \"GET /health HTTP/1.1\" 429 59 \"-\" \"PostmanRuntime/7.54.0\"","service":"acquistions-api"}
{"level":"info","message":"::1 - - [29/Jun/2026:14:49:35 +0000] \"GET /health HTTP/1.1\" 200 73 \"-\" \"PostmanRuntime/7.54.0\"","service":"acquistions-api"}
{"level":"info","message":"::1 - - [29/Jun/2026:14:49:37 +0000] \"GET /health HTTP/1.1\" 200 73 \"-\" \"PostmanRuntime/7.54.0\"","service":"acquistions-api"}
{"level":"info","message":"::1 - - [29/Jun/2026:14:49:38 +0000] \"GET /health HTTP/1.1\" 200 74 \"-\" \"PostmanRuntime/7.54.0\"","service":"acquistions-api"}
{"ip":"::1","level":"warn","message":"Rate limit exceeded","path":"/health","service":"acquistions-api","ttl":19,"userAgent":"PostmanRuntime/7.54.0"}
{"level":"info","message":"::1 - - [29/Jun/2026:14:49:39 +0000] \"GET /health HTTP/1.1\" 429 59 \"-\" \"PostmanRuntime/7.54.0\"","service":"acquistions-api"}
{"level":"info","message":"::1 - - [29/Jun/2026:14:50:54 +0000] \"GET /health HTTP/1.1\" 200 74 \"-\" \"PostmanRuntime/7.54.0\"","service":"acquistions-api"}
